# JRE version: Java(TM) SE Runtime Environment (7.0_51-b13) (build 1.7.0_51-b13)
# Java VM: Java HotSpot(TM) 64-Bit Server VM (24.51-b03 mixed mode windows-amd64 compressed oops)
Heap
 PSYoungGen      total 123904K, used 65605K [0x00000000f5500000, 0x0000000100000000, 0x0000000100000000)
  eden space 77824K, 84% used [0x00000000f5500000,0x00000000f9511500,0x00000000fa100000)
  from space 46080K, 0% used [0x00000000fa100000,0x00000000fa100000,0x00000000fce00000)
  to   space 49152K, 0% used [0x00000000fd000000,0x00000000fd000000,0x0000000100000000)
 ParOldGen       total 82432K, used 81132K [0x00000000e0000000, 0x00000000e5080000, 0x00000000f5500000)
  object space 82432K, 98% used [0x00000000e0000000,0x00000000e4f3b2c8,0x00000000e5080000)
 PSPermGen       total 34304K, used 24490K [0x00000000dae00000, 0x00000000dcf80000, 0x00000000e0000000)
  object space 34304K, 71% used [0x00000000dae00000,0x00000000dc5eabb0,0x00000000dcf80000)
GC Heap History (10 events):
Event: 25.932 GC heap before
{Heap before GC invocations=13 (full 1):
 PSYoungGen      total 115712K, used 101556K [0x00000000f5500000, 0x00000000ff280000, 0x0000000100000000)
  eden space 79360K, 100% used [0x00000000f5500000,0x00000000fa280000,0x00000000fa280000)
  from space 36352K, 61% used [0x00000000fa280000,0x00000000fb82d2f8,0x00000000fc600000)
  to   space 37376K, 0% used [0x00000000fce00000,0x00000000fce00000,0x00000000ff280000)
 ParOldGen       total 82432K, used 48444K [0x00000000e0000000, 0x00000000e5080000, 0x00000000f5500000)
  object space 82432K, 58% used [0x00000000e0000000,0x00000000e2f4f2a8,0x00000000e5080000)
 PSPermGen       total 26624K, used 15101K [0x00000000dae00000, 0x00000000dc800000, 0x00000000e0000000)
  object space 26624K, 56% used [0x00000000dae00000,0x00000000dbcbf440,0x00000000dc800000)
Event: 25.989 GC heap after
Heap after GC invocations=13 (full 1):
 PSYoungGen      total 115200K, used 37354K [0x00000000f5500000, 0x0000000100000000, 0x0000000100000000)
  eden space 77824K, 0% used [0x00000000f5500000,0x00000000f5500000,0x00000000fa100000)
  from space 37376K, 99% used [0x00000000fce00000,0x00000000ff27ab78,0x00000000ff280000)
  to   space 46080K, 0% used [0x00000000fa100000,0x00000000fa100000,0x00000000fce00000)
 ParOldGen       total 82432K, used 56724K [0x00000000e0000000, 0x00000000e5080000, 0x00000000f5500000)
  object space 82432K, 68% used [0x00000000e0000000,0x00000000e3765280,0x00000000e5080000)
 PSPermGen       total 26624K, used 15101K [0x00000000dae00000, 0x00000000dc800000, 0x00000000e0000000)
  object space 26624K, 56% used [0x00000000dae00000,0x00000000dbcbf440,0x00000000dc800000)
}
Event: 27.325 GC heap before
{Heap before GC invocations=14 (full 1):
 PSYoungGen      total 115200K, used 115178K [0x00000000f5500000, 0x0000000100000000, 0x0000000100000000)
  eden space 77824K, 100% used [0x00000000f5500000,0x00000000fa100000,0x00000000fa100000)
  from space 37376K, 99% used [0x00000000fce00000,0x00000000ff27ab78,0x00000000ff280000)
  to   space 46080K, 0% used [0x00000000fa100000,0x00000000fa100000,0x00000000fce00000)
 ParOldGen       total 82432K, used 56724K [0x00000000e0000000, 0x00000000e5080000, 0x00000000f5500000)
  object space 82432K, 68% used [0x00000000e0000000,0x00000000e3765280,0x00000000e5080000)
 PSPermGen       total 26624K, used 15604K [0x00000000dae00000, 0x00000000dc800000, 0x00000000e0000000)
  object space 26624K, 58% used [0x00000000dae00000,0x00000000dbd3d220,0x00000000dc800000)
Event: 27.371 GC heap after
Heap after GC invocations=14 (full 1):
 PSYoungGen      total 123904K, used 33407K [0x00000000f5500000, 0x0000000100000000, 0x0000000100000000)
  eden space 77824K, 0% used [0x00000000f5500000,0x00000000f5500000,0x00000000fa100000)
  from space 46080K, 72% used [0x00000000fa100000,0x00000000fc19fd98,0x00000000fce00000)
  to   space 49152K, 0% used [0x00000000fd000000,0x00000000fd000000,0x0000000100000000)
 ParOldGen       total 82432K, used 75516K [0x00000000e0000000, 0x00000000e5080000, 0x00000000f5500000)
  object space 82432K, 91% used [0x00000000e0000000,0x00000000e49bf2e0,0x00000000e5080000)
 PSPermGen       total 26624K, used 15604K [0x00000000dae00000, 0x00000000dc800000, 0x00000000e0000000)
  object space 26624K, 58% used [0x00000000dae00000,0x00000000dbd3d220,0x00000000dc800000)
}
Event: 27.371 GC heap before
{Heap before GC invocations=15 (full 2):
 PSYoungGen      total 123904K, used 33407K [0x00000000f5500000, 0x0000000100000000, 0x0000000100000000)
  eden space 77824K, 0% used [0x00000000f5500000,0x00000000f5500000,0x00000000fa100000)
  from space 46080K, 72% used [0x00000000fa100000,0x00000000fc19fd98,0x00000000fce00000)
  to   space 49152K, 0% used [0x00000000fd000000,0x00000000fd000000,0x0000000100000000)
 ParOldGen       total 82432K, used 75516K [0x00000000e0000000, 0x00000000e5080000, 0x00000000f5500000)
  object space 82432K, 91% used [0x00000000e0000000,0x00000000e49bf2e0,0x00000000e5080000)
 PSPermGen       total 26624K, used 15604K [0x00000000dae00000, 0x00000000dc800000, 0x00000000e0000000)
  object space 26624K, 58% used [0x00000000dae00000,0x00000000dbd3d220,0x00000000dc800000)
Event: 27.864 GC heap after
Heap after GC invocations=15 (full 2):
 PSYoungGen      total 123904K, used 19654K [0x00000000f5500000, 0x0000000100000000, 0x0000000100000000)
  eden space 77824K, 0% used [0x00000000f5500000,0x00000000f5500000,0x00000000fa100000)
  from space 46080K, 42% used [0x00000000fa100000,0x00000000fb431be0,0x00000000fce00000)
  to   space 49152K, 0% used [0x00000000fd000000,0x00000000fd000000,0x0000000100000000)
 ParOldGen       total 82432K, used 82296K [0x00000000e0000000, 0x00000000e5080000, 0x00000000f5500000)
  object space 82432K, 99% used [0x00000000e0000000,0x00000000e505e3d8,0x00000000e5080000)
 PSPermGen       total 31744K, used 15602K [0x00000000dae00000, 0x00000000dcd00000, 0x00000000e0000000)
  object space 31744K, 49% used [0x00000000dae00000,0x00000000dbd3c8e8,0x00000000dcd00000)
}
Event: 29.721 GC heap before
{Heap before GC invocations=16 (full 3):
 PSYoungGen      total 123904K, used 97478K [0x00000000f5500000, 0x0000000100000000, 0x0000000100000000)
  eden space 77824K, 100% used [0x00000000f5500000,0x00000000fa100000,0x00000000fa100000)
  from space 46080K, 42% used [0x00000000fa100000,0x00000000fb431be0,0x00000000fce00000)
  to   space 49152K, 0% used [0x00000000fd000000,0x00000000fd000000,0x0000000100000000)
 ParOldGen       total 82432K, used 82296K [0x00000000e0000000, 0x00000000e5080000, 0x00000000f5500000)
  object space 82432K, 99% used [0x00000000e0000000,0x00000000e505e3d8,0x00000000e5080000)
 PSPermGen       total 31744K, used 16852K [0x00000000dae00000, 0x00000000dcd00000, 0x00000000e0000000)
  object space 31744K, 53% used [0x00000000dae00000,0x00000000dbe750c8,0x00000000dcd00000)
Event: 30.108 GC heap after
Heap after GC invocations=16 (full 3):
 PSYoungGen      total 123904K, used 0K [0x00000000f5500000, 0x0000000100000000, 0x0000000100000000)
  eden space 77824K, 0% used [0x00000000f5500000,0x00000000f5500000,0x00000000fa100000)
  from space 46080K, 0% used [0x00000000fa100000,0x00000000fa100000,0x00000000fce00000)
  to   space 49152K, 0% used [0x00000000fd000000,0x00000000fd000000,0x0000000100000000)
 ParOldGen       total 82432K, used 76250K [0x00000000e0000000, 0x00000000e5080000, 0x00000000f5500000)
  object space 82432K, 92% used [0x00000000e0000000,0x00000000e4a76b90,0x00000000e5080000)
 PSPermGen       total 32256K, used 16850K [0x00000000dae00000, 0x00000000dcd80000, 0x00000000e0000000)
  object space 32256K, 52% used [0x00000000dae00000,0x00000000dbe74950,0x00000000dcd80000)
}
Event: 32.375 GC heap before
{Heap before GC invocations=17 (full 4):
 PSYoungGen      total 123904K, used 77824K [0x00000000f5500000, 0x0000000100000000, 0x0000000100000000)
  eden space 77824K, 100% used [0x00000000f5500000,0x00000000fa100000,0x00000000fa100000)
  from space 46080K, 0% used [0x00000000fa100000,0x00000000fa100000,0x00000000fce00000)
  to   space 49152K, 0% used [0x00000000fd000000,0x00000000fd000000,0x0000000100000000)
 ParOldGen       total 82432K, used 76250K [0x00000000e0000000, 0x00000000e5080000, 0x00000000f5500000)
  object space 82432K, 92% used [0x00000000e0000000,0x00000000e4a76b90,0x00000000e5080000)
 PSPermGen       total 32256K, used 20645K [0x00000000dae00000, 0x00000000dcd80000, 0x00000000e0000000)
  object space 32256K, 64% used [0x00000000dae00000,0x00000000dc229620,0x00000000dcd80000)
Event: 32.560 GC heap after
Heap after GC invocations=17 (full 4):
 PSYoungGen      total 123904K, used 0K [0x00000000f5500000, 0x0000000100000000, 0x0000000100000000)
  eden space 77824K, 0% used [0x00000000f5500000,0x00000000f5500000,0x00000000fa100000)
  from space 46080K, 0% used [0x00000000fa100000,0x00000000fa100000,0x00000000fce00000)
  to   space 49152K, 0% used [0x00000000fd000000,0x00000000fd000000,0x0000000100000000)
 ParOldGen       total 82432K, used 81132K [0x00000000e0000000, 0x00000000e5080000, 0x00000000f5500000)
  object space 82432K, 98% used [0x00000000e0000000,0x00000000e4f3b2c8,0x00000000e5080000)
 PSPermGen       total 34304K, used 20644K [0x00000000dae00000, 0x00000000dcf80000, 0x00000000e0000000)
  object space 34304K, 60% used [0x00000000dae00000,0x00000000dc2290d8,0x00000000dcf80000)
}

